<?xml version="1.0" encoding="UTF-8"?>
<testsuite name="ExemploCTG" tests="1" skipped="0" failures="0" errors="0" timestamp="2021-07-27T22:38:18" hostname="DESKTOP-OQSRQD4" time="9.195">
  <properties/>
  <testcase name="Quando acessar o site principal, Entao devo ver o titulo viniciuspessoni" classname="ExemploCTG" time="9.195"/>
  <system-out><![CDATA[]]></system-out>
  <system-err><![CDATA[SLF4J: Failed to load class "org.slf4j.impl.StaticLoggerBinder".
SLF4J: Defaulting to no-operation (NOP) logger implementation
SLF4J: See http://www.slf4j.org/codes.html#StaticLoggerBinder for further details.
Starting ChromeDriver 91.0.4472.101 (af52a90bf87030dd1523486a1cd3ae25c5d76c9b-refs/branch-heads/4472@{#1462}) on port 31723
Only local connections are allowed.
Please see https://chromedriver.chromium.org/security-considerations for suggestions on keeping ChromeDriver safe.
ChromeDriver was started successfully.
jul 27, 2021 7:38:20 PM org.openqa.selenium.remote.ProtocolHandshake createSession
INFORMAÇÕES: Detected dialect: W3C
jul 27, 2021 7:38:20 PM org.openqa.selenium.devtools.CdpVersionFinder findNearestMatch
INFORMAÇÕES: Found exact CDP implementation for version 91
]]></system-err>
</testsuite>
